
Showing logs for build [32mcb-kubecd-environment-pr-562-2-c2mq8-1[0m stage [32mfrom-build-pack[0m and container [32mstep-credential-initializer-p54h8[0m
{"level":"info","ts":1591975583.5902393,"logger":"fallback-logger","caller":"logging/config.go:69","msg":"Fetch GitHub commit ID from kodata failed: open /var/run/ko/refs/heads/0.8.0-ns-support: no such file or directory"}
{"level":"info","ts":1591975583.5912213,"logger":"fallback-logger","caller":"creds-init/main.go:40","msg":"Credentials initialized."}

Showing logs for build [32mcb-kubecd-environment-pr-562-2-c2mq8-1[0m stage [32mfrom-build-pack[0m and container [32mstep-working-dir-initializer-qkx45[0m
{"level":"info","ts":1591975584.666306,"logger":"fallback-logger","caller":"logging/config.go:69","msg":"Fetch GitHub commit ID from kodata failed: open /var/run/ko/HEAD: no such file or directory"}
{"level":"info","ts":1591975584.6722267,"logger":"fallback-logger","caller":"bash/main.go:64","msg":"Successfully executed command \"sh -c mkdir -p /workspace/source\"; output "}

Showing logs for build [32mcb-kubecd-environment-pr-562-2-c2mq8-1[0m stage [32mfrom-build-pack[0m and container [32mstep-place-tools[0m

Showing logs for build [32mcb-kubecd-environment-pr-562-2-c2mq8-1[0m stage [32mfrom-build-pack[0m and container [32mstep-git-source-cb-kubecd-environment-pr-562-2-c2mq8-6dwvp[0m
{"level":"info","ts":1591975590.9848053,"logger":"fallback-logger","caller":"logging/config.go:69","msg":"Fetch GitHub commit ID from kodata failed: open /var/run/ko/refs/heads/0.8.0-ns-support: no such file or directory"}
{"level":"info","ts":1591975592.0660708,"logger":"fallback-logger","caller":"git/git.go:103","msg":"Successfully cloned https://github.com/cb-kubecd/environment-pr-562-2-bdd-frontend-staging.git @ master in path /workspace/source"}

Showing logs for build [32mcb-kubecd-environment-pr-562-2-c2mq8-1[0m stage [32mfrom-build-pack[0m and container [32mstep-git-merge[0m
Using SHAs from PULL_REFS=master:1d11fa5d423f7e9229e52792d458f55bf49e1ea8,1:319da304dfb14ff08ab083746f247022e39dee94
DEBUG: JX_LOG_LEVEL=error LC_ALL=C git fetch origin --unshallow 319da304dfb14ff08ab083746f247022e39dee94: 1d11fa5d423f7e9229e52792d458f55bf49e1ea8:
DEBUG: ran git fetch --unshallow origin 319da304dfb14ff08ab083746f247022e39dee94: 1d11fa5d423f7e9229e52792d458f55bf49e1ea8: in 
DEBUG: LC_ALL=C JX_LOG_LEVEL=error git branch
DEBUG: LC_ALL=C JX_LOG_LEVEL=error git checkout master
DEBUG: ran git checkout master in 
DEBUG: LC_ALL=C JX_LOG_LEVEL=error git reset --hard 1d11fa5d423f7e9229e52792d458f55bf49e1ea8
DEBUG: ran git reset --hard 1d11fa5d423f7e9229e52792d458f55bf49e1ea8 in 
DEBUG: LC_ALL=C JX_LOG_LEVEL=error git clean -fd .
DEBUG: ran clean --force -d . in 
DEBUG: LC_ALL=C JX_LOG_LEVEL=error git merge 319da304dfb14ff08ab083746f247022e39dee94
DEBUG: ran git merge 319da304dfb14ff08ab083746f247022e39dee94 in 
DEBUG: LC_ALL=C JX_LOG_LEVEL=error git log --format=%H%x1f%an%x1f%ae%x1f%cn%x1f%ce%x1f%s%n%b%x1e 1d11fa5d423f7e9229e52792d458f55bf49e1ea8..HEAD
Merged SHA 319da304dfb14ff08ab083746f247022e39dee94 with commit message 'chore: Promote bdd-nh-1591974439 to version 0.0.1' into base branch master

Showing logs for build [32mcb-kubecd-environment-pr-562-2-c2mq8-1[0m stage [32mfrom-build-pack[0m and container [32mstep-build-helm-build[0m
WARNING: No $CHART_REPOSITORY defined so using the default value of: http://jenkins-x-chartmuseum:8080
Adding missing Helm repo: storage.googleapis.com https://storage.googleapis.com/chartmuseum.jenkins-x.io
WARNING: No secrets found on "helm/repos" due: reading the secret "helm/repos" from vault: no secret "helm/repos" not found in vault
Read credentials for https://storage.googleapis.com/chartmuseum.jenkins-x.io from vault helm/repos
Successfully added Helm repository storage.googleapis.com.
Adding missing Helm repo: jenkins-x-chartmuseum http://jenkins-x-chartmuseum:8080
WARNING: No secrets found on "helm/repos" due: reading the secret "helm/repos" from vault: no secret "helm/repos" not found in vault
Read credentials for http://jenkins-x-chartmuseum:8080 from vault helm/repos
Successfully added Helm repository jenkins-x-chartmuseum.
WARNING: No $CHART_REPOSITORY defined so using the default value of: http://jenkins-x-chartmuseum:8080
Adding missing Helm repo: chartmuseum.jenkins-x.io http://chartmuseum.jenkins-x.io
WARNING: No secrets found on "helm/repos" due: reading the secret "helm/repos" from vault: no secret "helm/repos" not found in vault
Read credentials for http://chartmuseum.jenkins-x.io from vault helm/repos
Successfully added Helm repository chartmuseum.jenkins-x.io.
